\BOOKMARK [1][-]{Abstract.1}{Abstract}{}% 1
\BOOKMARK [1][-]{Reading Notes.1}{Reading Notes}{}% 2
\BOOKMARK [1][-]{tableofcontents.1}{Contents}{}% 3
\BOOKMARK [1][-]{lof.1}{List of Figures}{}% 4
\BOOKMARK [1][-]{lot.1}{List of Tables}{}% 5
\BOOKMARK [-1][]{part.1}{Thematic, Theoretical and Methodological Foundations}{}% 6
\BOOKMARK [0][]{chapter.1}{1 Interactions between Networks and Territories}{part.1}% 7
\BOOKMARK [1][-]{section.1.1}{1.1 Territories and Networks}{chapter.1}% 8
\BOOKMARK [1][-]{section.1.2}{1.2 Modeling Interactions}{chapter.1}% 9
\BOOKMARK [1][-]{section.1.3}{1.3 Research Question}{chapter.1}% 10
\BOOKMARK [0][]{chapter.2}{2 Theoretical Framework}{part.1}% 11
\BOOKMARK [1][-]{section.2.1}{2.1 Geographical Theoretical Context}{chapter.2}% 12
\BOOKMARK [1][-]{section.2.2}{2.2 A theoretical Framework for the Study of Socio-technical Systems}{chapter.2}% 13
\BOOKMARK [0][]{chapter.3}{3 Methodological Developments}{part.1}% 14
\BOOKMARK [1][-]{section.3.1}{3.1 Reproducibility}{chapter.3}% 15
\BOOKMARK [1][-]{section.3.2}{3.2 An unified framework for stochastic models of urban growth}{chapter.3}% 16
\BOOKMARK [1][-]{section.3.3}{3.3 Analytical Sensitivity of Urban Scaling Laws to Spatial Extent}{chapter.3}% 17
\BOOKMARK [1][-]{section.3.4}{3.4 Statistical Control on Initial Conditions by Synthetic Data Generation}{chapter.3}% 18
\BOOKMARK [1][-]{section.3.5}{3.5 Spatio-temporal Correlations}{chapter.3}% 19
\BOOKMARK [0][]{chapter.4}{4 Quantitative Epistemology}{part.1}% 20
\BOOKMARK [1][-]{section.4.1}{4.1 Algorithmic Systematic Review}{chapter.4}% 21
\BOOKMARK [1][-]{section.4.2}{4.2 Refining bibliometrics through Hyper-network analysis}{chapter.4}% 22
\BOOKMARK [1][-]{section.4.3}{4.3 Towards modeling purpose and context automatic extraction}{chapter.4}% 23
\BOOKMARK [-1][]{part.2}{Modeling and Empirical Analysis}{}% 24
\BOOKMARK [0][]{chapter.5}{5 Empirical Analysis : Insights from Stylized Facts}{part.2}% 25
\BOOKMARK [1][-]{section.5.1}{5.1 Static correlations of urban form and network shape}{chapter.5}% 26
\BOOKMARK [1][-]{section.5.2}{5.2 Disentangling co-evolutions from causal relations}{chapter.5}% 27
\BOOKMARK [1][-]{section.5.3}{5.3 Real Estate Trajectories}{chapter.5}% 28
\BOOKMARK [1][-]{section.5.4}{5.4 South-African historical events as instruments}{chapter.5}% 29
\BOOKMARK [0][]{chapter.6}{6 Modeling}{part.2}% 30
\BOOKMARK [1][-]{section.6.1}{6.1 A simple model of urban growth}{chapter.6}% 31
\BOOKMARK [1][-]{section.6.2}{6.2 Correlated generation of territorial configurations}{chapter.6}% 32
\BOOKMARK [1][-]{section.6.3}{6.3 Network Growth Models}{chapter.6}% 33
\BOOKMARK [0][]{chapter.7}{7 Towards more Complex Models}{part.2}% 34
\BOOKMARK [1][-]{section.7.1}{7.1 The Lutecia Model}{chapter.7}% 35
\BOOKMARK [-1][]{part.3}{Towards operational models}{}% 36
\BOOKMARK [0][]{chapter.8}{8 A Roadmap for an Operational Family of Models of Coevolution}{part.3}% 37
\BOOKMARK [1][-]{section.8.1}{8.1 Objectives}{chapter.8}% 38
\BOOKMARK [1][-]{section.8.2}{8.2 Case Studies}{chapter.8}% 39
\BOOKMARK [1][-]{section.8.3}{8.3 Roadmap}{chapter.8}% 40
\BOOKMARK [0][]{dummy.4}{Bibliography}{part.3}% 41
\BOOKMARK [-1][]{part.4}{Appendix}{}% 42
\BOOKMARK [0][]{chapter.9}{9 Architecture and Sources for Algorithms and Models of Simulation}{part.4}% 43
\BOOKMARK [1][-]{section.9.1}{9.1 Algorithmic Systematic Review}{chapter.9}% 44
\BOOKMARK [1][-]{section.9.2}{9.2 Indirect Bibliometrics}{chapter.9}% 45
\BOOKMARK [1][-]{section.9.3}{9.3 Density Urban Growth}{chapter.9}% 46
\BOOKMARK [1][-]{section.9.4}{9.4 Correlated data generation}{chapter.9}% 47
\BOOKMARK [1][-]{section.9.5}{9.5 Lutecia Model}{chapter.9}% 48
\BOOKMARK [1][-]{section.9.6}{9.6 Network analysis}{chapter.9}% 49
\BOOKMARK [0][]{chapter.10}{10 Tools and Workflow for an open Reproducible Research}{part.4}% 50
\BOOKMARK [1][-]{section.10.1}{10.1 NetLogo documentation generator}{chapter.10}% 51
\BOOKMARK [1][-]{section.10.2}{10.2 git as a reproducibility tool}{chapter.10}% 52
\BOOKMARK [1][-]{section.10.3}{10.3 git-data}{chapter.10}% 53
\BOOKMARK [1][-]{section.10.4}{10.4 Towards a git-compatible figures metadata handler}{chapter.10}% 54
\BOOKMARK [1][-]{section.10.5}{10.5 TorPool}{chapter.10}% 55
