\BOOKMARK [1][-]{Dedication.1}{Dedication}{}% 1
\BOOKMARK [1][-]{Abstract.1}{Abstract}{}% 2
\BOOKMARK [1][-]{Notes de Lecture.1}{Notes de Lecture}{}% 3
\BOOKMARK [1][-]{Publications.1}{Publications}{}% 4
\BOOKMARK [1][-]{Acknowledgements.1}{Acknowledgements}{}% 5
\BOOKMARK [1][-]{tableofcontents.1}{Table des mati\350res}{}% 6
\BOOKMARK [1][-]{lof.1}{Table des figures}{}% 7
\BOOKMARK [1][-]{lot.1}{Liste des tableaux}{}% 8
\BOOKMARK [-1][]{chapter*.8}{Introduction}{}% 9
\BOOKMARK [-1][]{part.1}{Fondations}{}% 10
\BOOKMARK [0][]{chapter.1}{1 Interactions entre R\351seaux et Territoires}{part.1}% 11
\BOOKMARK [1][-]{section.1.1}{1.1 Territoires et R\351seaux}{chapter.1}% 12
\BOOKMARK [1][-]{section.1.2}{1.2 De Paris \340 Zhuhai}{chapter.1}% 13
\BOOKMARK [1][-]{section.1.3}{1.3 Elements de terrain}{chapter.1}% 14
\BOOKMARK [0][]{chapter.2}{2 Mod\351liser les Interactions entre R\351seaux et Territoires}{part.1}% 15
\BOOKMARK [1][-]{section.2.1}{2.1 Mod\351liser les Interactions}{chapter.2}% 16
\BOOKMARK [1][-]{section.2.2}{2.2 Une Approche Epist\351mologique}{chapter.2}% 17
\BOOKMARK [1][-]{section.2.3}{2.3 Revue Syst\351matique et Mod\351lographie}{chapter.2}% 18
\BOOKMARK [0][]{chapter.3}{3 Positionnements}{part.1}% 19
\BOOKMARK [1][-]{section.3.1}{3.1 Mod\351lisation, donn\351es massives et calcul intensif}{chapter.3}% 20
\BOOKMARK [1][-]{section.3.2}{3.2 Reproducibilit\351}{chapter.3}% 21
\BOOKMARK [1][-]{section.3.3}{3.3 Positionnement Epist\351mologique}{chapter.3}% 22
\BOOKMARK [-1][]{part.2}{Briques El\351mentaires}{}% 23
\BOOKMARK [0][]{chapter.4}{4 Th\351orie Evolutive Urbaine}{part.2}% 24
\BOOKMARK [1][-]{section.4.1}{4.1 Forme Urbaine et Forme de R\351seau}{chapter.4}% 25
\BOOKMARK [1][-]{section.4.2}{4.2 Causalit\351s Spatio-temporelles}{chapter.4}% 26
\BOOKMARK [1][-]{section.4.3}{4.3 Mod\350le de croissance macroscopique}{chapter.4}% 27
\BOOKMARK [0][]{chapter.5}{5 Morphogen\350se Urbaine}{part.2}% 28
\BOOKMARK [1][-]{section.5.1}{5.1 Une Approche Interdisciplinaire de la Morphogen\350se}{chapter.5}% 29
\BOOKMARK [1][-]{section.5.2}{5.2 Morphogen\350se Urbaine par Agr\351gation-diffusion}{chapter.5}% 30
\BOOKMARK [1][-]{section.5.3}{5.3 G\351n\351ration de configurations territoriales corr\351l\351es}{chapter.5}% 31
\BOOKMARK [-1][]{part.3}{Synth\350se}{}% 32
\BOOKMARK [0][]{chapter.6}{6 Co-\351volution \340 l'Echelle Macroscopique}{part.3}% 33
\BOOKMARK [1][-]{section.6.1}{6.1 Mod\350les existants}{chapter.6}% 34
\BOOKMARK [1][-]{section.6.2}{6.2 Extension dynamique du mod\350le d'interaction}{chapter.6}% 35
\BOOKMARK [0][]{chapter.7}{7 Co-\351volution \340 l'Echelle Mesoscopique}{part.3}% 36
\BOOKMARK [1][-]{section.7.1}{7.1 Mod\350les de Croissance de R\351seau}{chapter.7}% 37
\BOOKMARK [1][-]{section.7.2}{7.2 Co-\351volution \340 l'\351chelle mesoscopique}{chapter.7}% 38
\BOOKMARK [1][-]{section.7.3}{7.3 Mod\351lisation de la Gouvernance du Syst\350me de Transport}{chapter.7}% 39
\BOOKMARK [-1][]{part.4}{Ouverture}{}% 40
\BOOKMARK [0][]{chapter.8}{8 Echelles et Ontologies}{part.4}% 41
\BOOKMARK [1][-]{section.8.1}{8.1 Repr\351sentation territoriales}{chapter.8}% 42
\BOOKMARK [1][-]{section.8.2}{8.2 Equilibre Utilisateur Statique}{chapter.8}% 43
\BOOKMARK [1][-]{section.8.3}{8.3 Transport Routier et D\351terminants des Co\373ts}{chapter.8}% 44
\BOOKMARK [0][]{chapter.9}{9 Cadre Th\351orique}{part.4}% 45
\BOOKMARK [1][-]{section.9.1}{9.1 Contributions et Perspectives}{chapter.9}% 46
\BOOKMARK [1][-]{section.9.2}{9.2 Une Th\351orie G\351ographique}{chapter.9}% 47
\BOOKMARK [1][-]{section.9.3}{9.3 Un Cadre de Connaissances Appliqu\351}{chapter.9}% 48
\BOOKMARK [-1][]{subsection.9.3.3}{Conclusion}{}% 49
\BOOKMARK [0][]{dummy.5}{Bibliographie}{subsection.9.3.3}% 50
\BOOKMARK [-1][]{part.5}{Appendices}{}% 51
\BOOKMARK [0][]{appendix.A}{A Informations suppl\351mentaires}{part.5}% 52
\BOOKMARK [1][-]{section.A.1}{A.1 Elements de Terrain}{appendix.A}% 53
\BOOKMARK [1][-]{section.A.2}{A.2 Epist\351mologie Quantitative}{appendix.A}% 54
\BOOKMARK [1][-]{section.A.3}{A.3 Mod\351lographie}{appendix.A}% 55
\BOOKMARK [1][-]{section.A.4}{A.4 Correlations Statiques}{appendix.A}% 56
\BOOKMARK [1][-]{section.A.5}{A.5 R\351gimes de causalit\351}{appendix.A}% 57
\BOOKMARK [1][-]{section.A.6}{A.6 Causalit\351s spatio-temporelles}{appendix.A}% 58
\BOOKMARK [1][-]{section.A.7}{A.7 Effets de r\351seau}{appendix.A}% 59
\BOOKMARK [1][-]{section.A.8}{A.8 Morphogen\350se par agr\351gation-diffusion}{appendix.A}% 60
\BOOKMARK [1][-]{section.A.9}{A.9 Donn\351es Synth\351tiques Corr\351l\351es}{appendix.A}% 61
\BOOKMARK [1][-]{section.A.10}{A.10 Exploration du mod\350le SimpopNet}{appendix.A}% 62
\BOOKMARK [1][-]{section.A.11}{A.11 Heuristiques de g\351n\351ration de r\351seau}{appendix.A}% 63
\BOOKMARK [0][]{appendix.B}{B D\351veloppements M\351thodologiques}{part.5}% 64
\BOOKMARK [1][-]{section.B.1}{B.1 Un cadre unifi\351 pour les mod\350les stochastiques de croissance urbaine}{appendix.B}% 65
\BOOKMARK [1][-]{section.B.2}{B.2 Sensibilit\351 des Lois d'Echelle Urbaines \340 l'Etendue Spatiale}{appendix.B}% 66
\BOOKMARK [1][-]{section.B.3}{B.3 Correlations spatio-temporelles}{appendix.B}% 67
\BOOKMARK [1][-]{section.B.4}{B.4 G\351n\351ration de Donn\351es Synth\351tiques Corr\351l\351es}{appendix.B}% 68
\BOOKMARK [1][-]{section.B.5}{B.5 Un Cadre bas\351 sur la Discr\351pance}{appendix.B}% 69
\BOOKMARK [1][-]{section.B.6}{B.6 Exploration de l'Interdisciplinarit\351}{appendix.B}% 70
\BOOKMARK [1][-]{section.B.7}{B.7 Un Cadre pour les Syst\350mes Socio-techniques}{appendix.B}% 71
\BOOKMARK [0][]{appendix.C}{C D\351veloppements Th\351matiques}{part.5}% 72
\BOOKMARK [1][-]{section.C.1}{C.1 Ponts entre G\351ographie et Economie}{appendix.C}% 73
\BOOKMARK [1][-]{section.C.2}{C.2 Generation of Correlated Synthetic Data}{appendix.C}% 74
\BOOKMARK [1][-]{section.C.3}{C.3 Classifying Patents Based on their Semantic Content}{appendix.C}% 75
\BOOKMARK [0][]{appendix.D}{D Donn\351es}{part.5}% 76
\BOOKMARK [1][-]{section.D.1}{D.1 Donn\351es de Traffic du Grand Paris}{appendix.D}% 77
\BOOKMARK [1][-]{section.D.2}{D.2 Prix de l'Essence aux Etats-Unis}{appendix.D}% 78
\BOOKMARK [1][-]{section.D.3}{D.3 R\351seau Routier Europ\351en}{appendix.D}% 79
\BOOKMARK [1][-]{section.D.4}{D.4 Interviews}{appendix.D}% 80
\BOOKMARK [0][]{appendix.E}{E Outils}{part.5}% 81
\BOOKMARK [1][-]{section.E.1}{E.1 Softwares and Packages}{appendix.E}% 82
\BOOKMARK [1][-]{section.E.2}{E.2 Architecture and Sources for Algorithms and Models of Simulation}{appendix.E}% 83
\BOOKMARK [1][-]{section.E.3}{E.3 Tools and Workflow for an open Reproducible Research}{appendix.E}% 84
\BOOKMARK [0][]{appendix.F}{F Quantitative Analysis of Thesis reflexivity}{part.5}% 85
